<?xml version="1.0" encoding="UTF-8"?>
<!-- Generated by org.testng.reporters.JUnitReportReporter -->
<testsuite hostname="NDI-LAP-165" failures="0" tests="1" name="Academy.TestCase" time="8.586" errors="0" timestamp="2022-07-31T21:26:46 IST" skipped="0">
  <testcase classname="Academy.TestCase" name="validateBookingConfirmationWithoutDate" time="8.586"/>
  <system-out/>
</testsuite> <!-- Academy.TestCase -->
