<?xml version="1.0" encoding="UTF-8"?>
<!-- Generated by org.testng.reporters.JUnitReportReporter -->
<testsuite hostname="NDI-LAP-165" failures="0" tests="1" name="TestCases.TC" time="10.731" errors="0" timestamp="2022-07-31T21:50:42 IST" skipped="0">
  <testcase classname="TestCases.TC" name="validateBookingConfirmation" time="10.731"/>
  <system-out/>
</testsuite> <!-- TestCases.TC -->
